make all --print-data-base --no-builtin-variables --no-builtin-rules --question
# GNU Make 3.81
# Copyright (C) 2006  Free Software Foundation, Inc.
# This is free software; see the source for copying conditions.
# There is NO warranty; not even for MERCHANTABILITY or FITNESS FOR A
# PARTICULAR PURPOSE.

# This program built for i386-apple-darwin11.3.0
 
make: *** No rule to make target `all'.  Stop.


# Make data base, printed on Sun May 22 20:10:04 2022

# Variables

# automatic
<D = $(patsubst %/,%,$(dir $<))
# environment
RUBY_VERSION = ruby-3.0.1
# automatic
?F = $(notdir $?)
# environment
ELECTRON_NO_ATTACH_CONSOLE = 1
# environment
LC_CTYPE = UTF-8
# environment
VSCODE_LOG_NATIVE = false
# environment
NVM_INC = /Users/emersonjose/.nvm/versions/node/v12.17.0/include/node
# automatic
?D = $(patsubst %/,%,$(dir $?))
# environment
CPPFLAGS = -I/usr/local/opt/zlib/include -I/usr/local/opt/bzip2/include
 
# environment
rvm_path = /Users/emersonjose/.rvm
# automatic
@D = $(patsubst %/,%,$(dir $@))
# automatic
@F = $(notdir $@)
# makefile
CURDIR := /Users/emersonjose/Documents/Projects/DevSouza/api_go
# makefile
SHELL = /bin/sh
# environment
VSCODE_NLS_CONFIG = {"locale":"en-us","availableLanguages":{},"_languagePackSupport":true}
# environment
_ = /usr/bin/make
# environment
VSCODE_PID = 12937
# makefile (from `Makefile', line 1)
MAKEFILE_LIST :=  Makefile
# environment
VSCODE_AMD_ENTRYPOINT = vs/workbench/api/node/extensionHostProcess
# environment
rvm_ruby_mode = 
# environment
rvm_ruby_make = 
# environment
VSCODE_VERBOSE_LOGGING = true
# environment
__CFBundleIdentifier = com.microsoft.VSCode
# environment
rvm_proxy = 
# environment
VSCODE_IPC_HOOK_EXTHOST = /var/folders/kw/08zjtv0s6713qn29b0fg5ppw0000gn/T/vscode-ipc-ac8b3be0-1af0-45f5-9124-48db49c80a35.sock
# environment
VSCODE_CWD = /Users/emersonjose/Documents/Projects/DevSouza/api_go
# environment
GOPROXY = https://proxy.golang.org,direct
# environment
rvm_pretty_print_flag = 
# environment
PATH = /Users/emersonjose/.local/share/zinit/polaris/bin:/usr/local/sbin:/Users/emersonjose/.asdf/shims:/usr/local/opt/asdf/libexec/bin:/usr/local/opt/libpq/bin:/Users/emersonjose/.local/share/solana/install/active_release/bin:/Users/emersonjose/.pyenv/shims:/usr/local/bin:/Users/emersonjose/.pyenv/bin:/Users/emersonjose/.nvm/versions/node/v12.17.0/bin:/Users/emersonjose/.rvm/gems/ruby-3.0.1/bin:/Users/emersonjose/.rvm/gems/ruby-3.0.1@global/bin:/Users/emersonjose/.rvm/rubies/ruby-3.0.1/bin:/usr/local/sbin:/usr/local/opt/libpq/bin:/Users/emersonjose/.local/share/solana/install/active_release/bin:/usr/local/bin:/Users/emersonjose/.pyenv/bin:/Users/emersonjose/.nvm/versions/node/v12.17.0/bin:/Library/Frameworks/Python.framework/Versions/3.9/bin:/usr/local/bin:/usr/bin:/bin:/usr/sbin:/sbin:/usr/local/share/dotnet:~/.dotnet/tools:/Library/Apple/usr/bin:/Users/emersonjose/.local/bin:/Users/emersonjose/Library/Python/3.9/bin:/Users/emersonjose/Library/Android/sdk/emulator:/Users/emersonjose/Library/Android/sdk/tools:/Users/emersonjose/Library/Android/sdk/tools/bin:/Users/emersonjose/Library/Android/sdk/platform-tools:/Users/emersonjose/.rvm/bin:/Users/emersonjose/.local/bin:/Users/emersonjose/Library/Python/3.9/bin:/Users/emersonjose/Library/Android/sdk/emulator:/Users/emersonjose/Library/Android/sdk/tools:/Users/emersonjose/Library/Android/sdk/tools/bin:/Users/emersonjose/Library/Android/sdk/platform-tools:/Users/emersonjose/.rvm/bin:/Users/emersonjose/.local/bin:/Users/emersonjose/Library/Python/3.9/bin
# environment
LSCOLORS = Gxfxcxdxbxegedabagacad
# environment
rvm_niceness = 
# environment
SPACESHIP_VERSION = 3.12.1
# environment
GOPATH = /Users/emersonjose/.asdf/installs/golang/1.18.2/packages
# environment
NVM_BIN = /Users/emersonjose/.nvm/versions/node/v12.17.0/bin
# environment
rvm_only_path_flag = 
# environment
rvm_gemstone_package_file = 
# environment
VSCODE_LOG_STACK = false
# environment
ELECTRON_RUN_AS_NODE = 1
# environment
LDFLAGS = -L/usr/local/opt/zlib/lib -L/usr/local/opt/bzip2/lib
# environment
rvm_alias_expanded = 
# environment
ANDROID_HOME = /Users/emersonjose/Library/Android/sdk
# default
.FEATURES := target-specific order-only second-expansion else-if archives jobserver check-symlink
# environment
optflags = -Wno-error=implicit-function-declaration
# environment
SSH_AUTH_SOCK = /private/tmp/com.apple.launchd.zRogPaIOi4/Listeners
# automatic
%F = $(notdir $%)
# environment
VSCODE_PIPE_LOGGING = true
# environment
rvm_bin_path = /Users/emersonjose/.rvm/bin
# environment
PWD = /Users/emersonjose/Documents/Projects/DevSouza/api_go
# environment
GEM_HOME = /Users/emersonjose/.rvm/gems/ruby-3.0.1
# environment
rvm_docs_type = 
# environment
rvm_script_name = 
# environment
ORIGINAL_XDG_CURRENT_DESKTOP = undefined
# environment
GOMODCACHE = /Users/emersonjose/.asdf/installs/golang/1.18.2/packages/pkg/mod
# environment
 
PYENV_SHELL = zsh
# environment
HOME = /Users/emersonjose
# default
MAKEFILEPATH = $(shell /usr/bin/xcode-select -print-path 2>/dev/null || echo /Developer)/Makefiles
# environment
VSCODE_CLI = 1
# environment
VSCODE_CODE_CACHE_PATH = /Users/emersonjose/Library/Application Support/Code/CachedData/c3511e6c69bb39013c4a4b7b9566ec1ca73fc4d5
# environment
LOGNAME = emersonjose
# environment
APPLICATION_INSIGHTS_NO_DIAGNOSTIC_CHANNEL = 1
# environment
NVM_CD_FLAGS = -q
# environment
ZSH = /Users/emersonjose/.oh-my-zsh
# environment
VSCODE_HANDLES_UNCAUGHT_ERRORS = true
# automatic
^D = $(patsubst %/,%,$(dir $^))
# environment
rvm_ruby_bits = 
# environment
GEM_PATH = /Users/emersonjose/.rvm/gems/ruby-3.0.1:/Users/emersonjose/.rvm/gems/ruby-3.0.1@global
# environment
XPC_FLAGS = 0x0
# environment
rvm_ruby_make_install = 
# default
MAKE = $(MAKE_COMMAND)
# default
MAKECMDGOALS := all
# environment
IRBRC = /Users/emersonjose/.rvm/rubies/ruby-3.0.1/.irbrc
# environment
SHLVL = 3
# environment
rvm_quiet_flag = 
# environment
JAVA_HOME = /Library/Java/JavaVirtualMachines/adoptopenjdk-8.jdk/Contents/Home
# default
MAKE_VERSION := 3.81
# environment
USER = emersonjose
# makefile
.DEFAULT_GOAL := 
# environment
TERM_SESSION_ID = 06635C09-1DB4-4BBC-BD22-B1106975FE88
# environment
rvm_version = 1.29.12 (latest)
# environment
LESS = -R
# automatic
%D = $(patsubst %/,%,$(dir $%))
# default
MAKE_COMMAND := /Library/Developer/CommandLineTools/usr/bin/make
# environment
ZPFX = /Users/emersonjose/.local/share/zinit/polaris
# environment
ZSH_CACHE_DIR = /Users/emersonjose/.oh-my-zsh/cache
# environment
TERM_PROGRAM = Apple_Terminal
# default
.VARIABLES := 
# environment
TMPDIR = /var/folders/kw/08zjtv0s6713qn29b0fg5ppw0000gn/T/
# automatic
*F = $(notdir $*)
# environment
VSCODE_IPC_HOOK = /Users/emersonjose/Library/Application Support/Code/1.67.2-main.sock
# makefile
MAKEFLAGS = Rrqp
# environment
MFLAGS = -Rrqp
# automatic
*D = $(patsubst %/,%,$(dir $*))
# environment
TERM_PROGRAM_VERSION = 444
# environment
NVM_DIR = /Users/emersonjose/.nvm
# environment
XPC_SERVICE_NAME = application.com.microsoft.VSCode.18741388.18741394.E75D973C-0A7A-4A82-8B3C-D8C0E9CE4824
# automatic
+D = $(patsubst %/,%,$(dir $+))
# automatic
+F = $(notdir $+)
# environment
rvm_sdk = 
# environment
PMSPEC = 0uUpiPsf
# environment
__CF_USER_TEXT_ENCODING = 0x1F5:0x0:0x0
# environment
COMMAND_MODE = unix2003
# default
MAKEFILES := 
# automatic
<F = $(notdir $<)
# environment
rvm_silent_flag = 
# environment
rvm_gemstone_url = 
# environment
PAGER = less
# environment
LC_ALL = C
# environment
rvm_bin_flag = 
# environment
SPACESHIP_ROOT = /Users/emersonjose/.oh-my-zsh/custom/themes/spaceship-prompt
# automatic
^F = $(notdir $^)
# environment
rvm_prefix = /Users/emersonjose
# default
SUFFIXES := 
# environment
ASDF_DIR = /usr/local/opt/asdf/libexec
# environment
rvm_ruby_file = 
# default
.INCLUDE_DIRS = /usr/local/include
# environment
MAKELEVEL := 0
# environment
LANG = C
# environment
TERM = xterm-256color
# environment
rvm_use_flag = 
# environment
rvm_hook = 
# environment
MY_RUBY_HOME = /Users/emersonjose/.rvm/rubies/ruby-3.0.1
# environment
rvm_nightly_flag = 
# variable set hash-table stats:
# Load=122/1024=12%, Rehash=0, Collisions=8/145=6%

# Pattern-specific Variable Values

# No pattern-specific variable values.

# Directories

# . (device 16777223, inode 21000055): 11 files, no impossibilities.

# 11 files, no impossibilities in 1 directories.

# Implicit Rules

# No implicit rules.

# Files

# Not a target:
all:
#  Command-line target.
#  Implicit rule search has been done.
#  File does not exist.
#  File has not been updated.
# variable set hash-table stats:
# Load=0/32=0%, Rehash=0, Collisions=0/0=0%
 

# Not a target:
.SUFFIXES:
#  Implicit rule search has not been done.
#  Modification time never checked.
#  File has not been updated.

# Not a target:
Makefile:
#  Implicit rule search has been done.
#  Last modified 2022-05-22 20:09:33
#  File has been updated.
#  Successfully updated.
# variable set hash-table stats:
# Load=0/32=0%, Rehash=0, Collisions=0/0=0%

# Not a target:
.DEFAULT:
#  Implicit rule search has not been done.
#  Modification time never checked.
#  File has not been updated.

# files hash-table stats:
# Load=4/1024=0%, Rehash=0, Collisions=0/16=0%
# VPATH Search Paths

# No `vpath' search paths.

# No general (`VPATH' variable) search path.

# # of strings in strcache: 1
# # of strcache buffers: 1
# strcache size: total = 4096 / max = 4096 / min = 4096 / avg = 4096
# strcache free: total = 4087 / max = 4087 / min = 4087 / avg = 4087

# Finished Make data base on Sun May 22 20:10:04 2022

 
